<?xml version='1.0' encoding='UTF-8'?>
<testsuite hostname="Moses-MacBook-Pro" name="AuthenticateUser" tests="3" errors="0" failures="0" skipped="0" time="2.288" timestamp="2020-11-25T11:09:54">
                     <properties>
[...]
</properties>
                     <testcase classname="AuthenticateUser" name="Sunny200" time="1.748">
                                                 
                                               </testcase><testcase classname="AuthenticateUser" name="Rainy401" time="0.259">
                                                 
                                               </testcase><testcase classname="AuthenticateUser" name="AuthorizeQE" time="0.281">
                                                 
                                               </testcase>
                     <system-out><![CDATA[]]></system-out>
                     <system-err><![CDATA[]]></system-err>
                   </testsuite>